<?xml version="1.0" encoding="UTF-8"?>
<testsuite xmlns:xsi="http://www.w3.org/2001/XMLSchema-instance" xsi:noNamespaceSchemaLocation="https://maven.apache.org/surefire/maven-surefire-plugin/xsd/surefire-test-report.xsd" name="com.ontariotechu.sofe3980U.AppTest" time="0.017" tests="1" errors="0" skipped="0" failures="0">
  <properties>
    <property name="sun.desktop" value="windows"/>
    <property name="awt.toolkit" value="sun.awt.windows.WToolkit"/>
    <property name="file.encoding.pkg" value="sun.io"/>
    <property name="java.specification.version" value="1.8"/>
    <property name="sun.cpu.isalist" value="pentium_pro+mmx pentium_pro pentium+mmx pentium i486 i386 i86"/>
    <property name="sun.jnu.encoding" value="Cp1252"/>
    <property name="java.class.path" value="C:\Users\ajmth\Lab1\BinaryCalculator\target\test-classes;C:\Users\ajmth\Lab1\BinaryCalculator\target\classes;C:\Users\ajmth\.m2\repository\junit\junit\4.11\junit-4.11.jar;C:\Users\ajmth\.m2\repository\org\hamcrest\hamcrest-core\1.3\hamcrest-core-1.3.jar;C:\Users\ajmth\.m2\repository\joda-time\joda-time\2.9.2\joda-time-2.9.2.jar;"/>
    <property name="java.vm.vendor" value="Oracle Corporation"/>
    <property name="sun.arch.data.model" value="32"/>
    <property name="user.variant" value=""/>
    <property name="java.vendor.url" value="http://java.oracle.com/"/>
    <property name="user.timezone" value="America/New_York"/>
    <property name="java.vm.specification.version" value="1.8"/>
    <property name="os.name" value="Windows 11"/>
    <property name="user.country" value="CA"/>
    <property name="sun.java.launcher" value="SUN_STANDARD"/>
    <property name="sun.boot.library.path" value="C:\Program Files (x86)\Java\jdk-1.8\jre\bin"/>
    <property name="sun.java.command" value="C:\Users\ajmth\AppData\Local\Temp\surefire6092725090763509770\surefirebooter7007326048793771109.jar C:\Users\ajmth\AppData\Local\Temp\surefire6092725090763509770 2024-01-28T17-15-40_255-jvmRun1 surefire406973614112225024tmp surefire_06367626375203952904tmp"/>
    <property name="surefire.test.class.path" value="C:\Users\ajmth\Lab1\BinaryCalculator\target\test-classes;C:\Users\ajmth\Lab1\BinaryCalculator\target\classes;C:\Users\ajmth\.m2\repository\junit\junit\4.11\junit-4.11.jar;C:\Users\ajmth\.m2\repository\org\hamcrest\hamcrest-core\1.3\hamcrest-core-1.3.jar;C:\Users\ajmth\.m2\repository\joda-time\joda-time\2.9.2\joda-time-2.9.2.jar;"/>
    <property name="sun.cpu.endian" value="little"/>
    <property name="user.home" value="C:\Users\ajmth"/>
    <property name="user.language" value="en"/>
    <property name="java.specification.vendor" value="Oracle Corporation"/>
    <property name="java.home" value="C:\Program Files (x86)\Java\jdk-1.8\jre"/>
    <property name="basedir" value="C:\Users\ajmth\Lab1\BinaryCalculator"/>
    <property name="file.separator" value="\"/>
    <property name="line.separator" value="&#10;"/>
    <property name="java.vm.specification.vendor" value="Oracle Corporation"/>
    <property name="java.specification.name" value="Java Platform API Specification"/>
    <property name="java.awt.graphicsenv" value="sun.awt.Win32GraphicsEnvironment"/>
    <property name="surefire.real.class.path" value="C:\Users\ajmth\AppData\Local\Temp\surefire6092725090763509770\surefirebooter7007326048793771109.jar"/>
    <property name="sun.boot.class.path" value="C:\Program Files (x86)\Java\jdk-1.8\jre\lib\resources.jar;C:\Program Files (x86)\Java\jdk-1.8\jre\lib\rt.jar;C:\Program Files (x86)\Java\jdk-1.8\jre\lib\jsse.jar;C:\Program Files (x86)\Java\jdk-1.8\jre\lib\jce.jar;C:\Program Files (x86)\Java\jdk-1.8\jre\lib\charsets.jar;C:\Program Files (x86)\Java\jdk-1.8\jre\lib\jfr.jar;C:\Program Files (x86)\Java\jdk-1.8\jre\classes"/>
    <property name="user.script" value=""/>
    <property name="sun.management.compiler" value="HotSpot Client Compiler"/>
    <property name="java.runtime.version" value="1.8.0_401-b10"/>
    <property name="user.name" value="ajmth"/>
    <property name="path.separator" value=";"/>
    <property name="os.version" value="10.0"/>
    <property name="java.endorsed.dirs" value="C:\Program Files (x86)\Java\jdk-1.8\jre\lib\endorsed"/>
    <property name="java.runtime.name" value="Java(TM) SE Runtime Environment"/>
    <property name="file.encoding" value="Cp1252"/>
    <property name="java.vm.name" value="Java HotSpot(TM) Client VM"/>
    <property name="localRepository" value="C:\Users\ajmth\.m2\repository"/>
    <property name="java.vendor.url.bug" value="http://bugreport.sun.com/bugreport/"/>
    <property name="java.io.tmpdir" value="C:\Users\ajmth\AppData\Local\Temp\"/>
    <property name="java.version" value="1.8.0_401"/>
    <property name="user.dir" value="C:\Users\ajmth\Lab1\BinaryCalculator"/>
    <property name="os.arch" value="x86"/>
    <property name="java.vm.specification.name" value="Java Virtual Machine Specification"/>
    <property name="java.awt.printerjob" value="sun.awt.windows.WPrinterJob"/>
    <property name="sun.os.patch.level" value=""/>
    <property name="java.library.path" value="C:\Program Files (x86)\Java\jdk-1.8\jre\bin;C:\Windows\Sun\Java\bin;C:\Windows\system32;C:\Windows;C:\Program Files\Eclipse Adoptium\jdk-21.0.1.12-hotspot\bin;C:\Program Files\Common Files\Oracle\Java\javapath;C:\Program Files (x86)\Common Files\Oracle\Java\javapath;C:\Windows\system32;C:\Windows;C:\Windows\System32\Wbem;C:\Windows\System32\WindowsPowerShell\v1.0\;C:\Windows\System32\OpenSSH\;C:\Program Files (x86)\NVIDIA Corporation\PhysX\Common;C:\Program Files\NVIDIA Corporation\NVIDIA NvDLISR;C:\Program Files\Git\cmd;C:\Users\ajmth\AppData\Local\Programs\Python\Launcher\;C:\Users\ajmth\AppData\Local\Microsoft\WindowsApps;C:\Users\ajmth\AppData\Local\Programs\Microsoft VS Code\bin;C:\Users\ajmth\Downloads\apache-maven-3.9.6-bin\apache-maven-3.9.6\bin;;."/>
    <property name="java.vm.info" value="mixed mode, sharing"/>
    <property name="java.vendor" value="Oracle Corporation"/>
    <property name="java.vm.version" value="25.401-b10"/>
    <property name="java.specification.maintenance.version" value="5"/>
    <property name="java.ext.dirs" value="C:\Program Files (x86)\Java\jdk-1.8\jre\lib\ext;C:\Windows\Sun\Java\lib\ext"/>
    <property name="sun.io.unicode.encoding" value="UnicodeLittle"/>
    <property name="java.class.version" value="52.0"/>
  </properties>
  <testcase name="shouldAnswerWithTrue" classname="com.ontariotechu.sofe3980U.AppTest" time="0.001"/>
</testsuite>